Release 14.7 - xst P.20131013 (lin64)
Copyright (c) 1995-2013 Xilinx, Inc.  All rights reserved.
--> 
Parameter TMPDIR set to xst/projnav.tmp


Total REAL time to Xst completion: 0.00 secs
Total CPU time to Xst completion: 0.07 secs
 
--> 
Parameter xsthdpdir set to xst


Total REAL time to Xst completion: 0.00 secs
Total CPU time to Xst completion: 0.07 secs
 
--> 
Reading design: PRINCIPAL.prj

TABLE OF CONTENTS
  1) Synthesis Options Summary
  2) HDL Parsing
  3) HDL Elaboration
  4) HDL Synthesis
       4.1) HDL Synthesis Report
  5) Advanced HDL Synthesis
       5.1) Advanced HDL Synthesis Report
  6) Low Level Synthesis
  7) Partition Report
  8) Design Summary
       8.1) Primitive and Black Box Usage
       8.2) Device utilization summary
       8.3) Partition Resource Summary
       8.4) Timing Report
            8.4.1) Clock Information
            8.4.2) Asynchronous Control Signals Information
            8.4.3) Timing Summary
            8.4.4) Timing Details
            8.4.5) Cross Clock Domains Report


=========================================================================
*                      Synthesis Options Summary                        *
=========================================================================
---- Source Parameters
Input File Name                    : "PRINCIPAL.prj"
Ignore Synthesis Constraint File   : NO

---- Target Parameters
Output File Name                   : "PRINCIPAL"
Output Format                      : NGC
Target Device                      : xc7a100t-2-csg324

---- Source Options
Top Module Name                    : PRINCIPAL
Automatic FSM Extraction           : YES
FSM Encoding Algorithm             : Auto
Safe Implementation                : No
FSM Style                          : LUT
RAM Extraction                     : Yes
RAM Style                          : Auto
ROM Extraction                     : Yes
Shift Register Extraction          : YES
ROM Style                          : Auto
Resource Sharing                   : YES
Asynchronous To Synchronous        : NO
Shift Register Minimum Size        : 2
Use DSP Block                      : Auto
Automatic Register Balancing       : No

---- Target Options
LUT Combining                      : Auto
Reduce Control Sets                : Auto
Add IO Buffers                     : YES
Global Maximum Fanout              : 100000
Add Generic Clock Buffer(BUFG)     : 32
Register Duplication               : YES
Optimize Instantiated Primitives   : NO
Use Clock Enable                   : Auto
Use Synchronous Set                : Auto
Use Synchronous Reset              : Auto
Pack IO Registers into IOBs        : Auto
Equivalent register Removal        : YES

---- General Options
Optimization Goal                  : Speed
Optimization Effort                : 1
Power Reduction                    : NO
Keep Hierarchy                     : No
Netlist Hierarchy                  : As_Optimized
RTL Output                         : Yes
Global Optimization                : AllClockNets
Read Cores                         : YES
Write Timing Constraints           : NO
Cross Clock Analysis               : NO
Hierarchy Separator                : /
Bus Delimiter                      : <>
Case Specifier                     : Maintain
Slice Utilization Ratio            : 100
BRAM Utilization Ratio             : 100
DSP48 Utilization Ratio            : 100
Auto BRAM Packing                  : NO
Slice Utilization Ratio Delta      : 5

=========================================================================


=========================================================================
*                          HDL Parsing                                  *
=========================================================================
Parsing VHDL file "/home/erick/Documentos/GitHub/Computer-architecture/ESCOMIPS/Carta/REGISTRO.vhd" into library work
Parsing entity <REGISTRO>.
Parsing architecture <programa> of entity <registro>.
Parsing VHDL file "/home/erick/Documentos/GitHub/Computer-architecture/ESCOMIPS/Carta/MI_PAQUETE.vhd" into library work
Parsing package <MI_PAQUETE>.
Parsing package body <MI_PAQUETE>.
Parsing VHDL file "/home/erick/Documentos/GitHub/Computer-architecture/ESCOMIPS/Carta/CONVERTIDOR.vhd" into library work
Parsing entity <CONVERTIDOR>.
Parsing architecture <PROGRAMA> of entity <convertidor>.
Parsing VHDL file "/home/erick/Documentos/GitHub/Computer-architecture/ESCOMIPS/Carta/CONTROL.vhd" into library work
Parsing entity <CONTROL>.
Parsing architecture <UNIDAD> of entity <control>.
Parsing VHDL file "/home/erick/Documentos/GitHub/Computer-architecture/ESCOMIPS/Carta/CONTADOR.vhd" into library work
Parsing entity <CONTADOR>.
Parsing architecture <PROGRAMA> of entity <contador>.
Parsing VHDL file "/home/erick/Documentos/GitHub/Computer-architecture/ESCOMIPS/Carta/PRINCIPAL.vhd" into library work
Parsing entity <PRINCIPAL>.
Parsing architecture <Behavioral> of entity <principal>.

=========================================================================
*                            HDL Elaboration                            *
=========================================================================

Elaborating entity <PRINCIPAL> (architecture <Behavioral>) from library <work>.

Elaborating entity <CONTADOR> (architecture <PROGRAMA>) with generics from library <work>.

Elaborating entity <CONVERTIDOR> (architecture <PROGRAMA>) from library <work>.

Elaborating entity <CONTROL> (architecture <UNIDAD>) from library <work>.

Elaborating entity <REGISTRO> (architecture <programa>) with generics from library <work>.
WARNING:HDLCompiler:634 - "/home/erick/Documentos/GitHub/Computer-architecture/ESCOMIPS/Carta/PRINCIPAL.vhd" Line 24: Net <Z> does not have a driver.

=========================================================================
*                           HDL Synthesis                               *
=========================================================================

Synthesizing Unit <PRINCIPAL>.
    Related source file is "/home/erick/Documentos/GitHub/Computer-architecture/ESCOMIPS/Carta/PRINCIPAL.vhd".
WARNING:Xst:647 - Input <D> is never used. This port will be preserved and left unconnected if it belongs to a top-level block or it belongs to a sub-block and the hierarchy of this sub-block is preserved.
WARNING:Xst:653 - Signal <Z> is used but never assigned. This sourceless signal will be automatically connected to value GND.
    Summary:
	inferred   1 Multiplexer(s).
Unit <PRINCIPAL> synthesized.

Synthesizing Unit <CONTADOR>.
    Related source file is "/home/erick/Documentos/GitHub/Computer-architecture/ESCOMIPS/Carta/CONTADOR.vhd".
        N = 4
    Found 4-bit register for signal <Q>.
    Found 4-bit adder for signal <Q[3]_GND_7_o_add_0_OUT> created at line 24.
    Summary:
	inferred   1 Adder/Subtractor(s).
	inferred   4 D-type flip-flop(s).
	inferred   1 Multiplexer(s).
Unit <CONTADOR> synthesized.

Synthesizing Unit <CONVERTIDOR>.
    Related source file is "/home/erick/Documentos/GitHub/Computer-architecture/ESCOMIPS/Carta/CONVERTIDOR.vhd".
    Found 16x7-bit Read Only RAM for signal <SEG>
    Summary:
	inferred   1 RAM(s).
Unit <CONVERTIDOR> synthesized.

Synthesizing Unit <CONTROL>.
    Related source file is "/home/erick/Documentos/GitHub/Computer-architecture/ESCOMIPS/Carta/CONTROL.vhd".
    Found 2-bit register for signal <EDO_ACT>.
INFO:Xst:1799 - State c is never reached in FSM <EDO_ACT>.
    Found finite state machine <FSM_0> for signal <EDO_ACT>.
    -----------------------------------------------------------------------
    | States             | 3                                              |
    | Transitions        | 3                                              |
    | Inputs             | 1                                              |
    | Outputs            | 2                                              |
    | Clock              | CLK (rising_edge)                              |
    | Reset              | CLR (positive)                                 |
    | Reset type         | asynchronous                                   |
    | Reset State        | a                                              |
    | Power Up State     | a                                              |
    | Encoding           | auto                                           |
    | Implementation     | LUT                                            |
    -----------------------------------------------------------------------
    Summary:
	inferred   2 Multiplexer(s).
	inferred   1 Finite State Machine(s).
Unit <CONTROL> synthesized.

Synthesizing Unit <REGISTRO>.
    Related source file is "/home/erick/Documentos/GitHub/Computer-architecture/ESCOMIPS/Carta/REGISTRO.vhd".
        N = 8
    Found 8-bit register for signal <Q>.
    Summary:
	inferred   8 D-type flip-flop(s).
	inferred   1 Multiplexer(s).
Unit <REGISTRO> synthesized.

=========================================================================
HDL Synthesis Report

Macro Statistics
# RAMs                                                 : 1
 16x7-bit single-port Read Only RAM                    : 1
# Adders/Subtractors                                   : 1
 4-bit adder                                           : 1
# Registers                                            : 2
 4-bit register                                        : 1
 8-bit register                                        : 1
# Multiplexers                                         : 5
 1-bit 2-to-1 multiplexer                              : 2
 4-bit 2-to-1 multiplexer                              : 1
 7-bit 2-to-1 multiplexer                              : 1
 8-bit 2-to-1 multiplexer                              : 1
# FSMs                                                 : 1

=========================================================================

=========================================================================
*                       Advanced HDL Synthesis                          *
=========================================================================


Synthesizing (advanced) Unit <CONTADOR>.
The following registers are absorbed into counter <Q>: 1 register on signal <Q>.
Unit <CONTADOR> synthesized (advanced).

Synthesizing (advanced) Unit <CONVERTIDOR>.
INFO:Xst:3218 - HDL ADVISOR - The RAM <Mram_SEG> will be implemented on LUTs either because you have described an asynchronous read or because of currently unsupported block RAM features. If you have described an asynchronous read, making it synchronous would allow you to take advantage of available block RAM resources, for optimized device usage and improved timings. Please refer to your documentation for coding guidelines.
    -----------------------------------------------------------------------
    | ram_type           | Distributed                         |          |
    -----------------------------------------------------------------------
    | Port A                                                              |
    |     aspect ratio   | 16-word x 7-bit                     |          |
    |     weA            | connected to signal <GND>           | high     |
    |     addrA          | connected to signal <BCD>           |          |
    |     diA            | connected to signal <GND>           |          |
    |     doA            | connected to signal <SEG>           |          |
    -----------------------------------------------------------------------
Unit <CONVERTIDOR> synthesized (advanced).

=========================================================================
Advanced HDL Synthesis Report

Macro Statistics
# RAMs                                                 : 1
 16x7-bit single-port distributed Read Only RAM        : 1
# Counters                                             : 1
 4-bit up counter                                      : 1
# Registers                                            : 8
 Flip-Flops                                            : 8
# Multiplexers                                         : 4
 1-bit 2-to-1 multiplexer                              : 2
 7-bit 2-to-1 multiplexer                              : 1
 8-bit 2-to-1 multiplexer                              : 1
# FSMs                                                 : 1

=========================================================================

=========================================================================
*                         Low Level Synthesis                           *
=========================================================================
Analyzing FSM <MFsm> for best encoding.
Optimizing FSM <FSM_0> on signal <EDO_ACT[1:1]> with sequential encoding.
-------------------
 State | Encoding
-------------------
 a     | 0
 b     | 1
 c     | unreached
-------------------
WARNING:Xst:1710 - FF/Latch <Q_0> (without init value) has a constant value of 0 in block <REGISTRO>. This FF/Latch will be trimmed during the optimization process.
WARNING:Xst:1895 - Due to other FF/Latch trimming, FF/Latch <Q_1> (without init value) has a constant value of 0 in block <REGISTRO>. This FF/Latch will be trimmed during the optimization process.
WARNING:Xst:1895 - Due to other FF/Latch trimming, FF/Latch <Q_2> (without init value) has a constant value of 0 in block <REGISTRO>. This FF/Latch will be trimmed during the optimization process.
WARNING:Xst:1895 - Due to other FF/Latch trimming, FF/Latch <Q_3> (without init value) has a constant value of 0 in block <REGISTRO>. This FF/Latch will be trimmed during the optimization process.
WARNING:Xst:1895 - Due to other FF/Latch trimming, FF/Latch <Q_4> (without init value) has a constant value of 0 in block <REGISTRO>. This FF/Latch will be trimmed during the optimization process.
WARNING:Xst:1895 - Due to other FF/Latch trimming, FF/Latch <Q_5> (without init value) has a constant value of 0 in block <REGISTRO>. This FF/Latch will be trimmed during the optimization process.
WARNING:Xst:1895 - Due to other FF/Latch trimming, FF/Latch <Q_6> (without init value) has a constant value of 0 in block <REGISTRO>. This FF/Latch will be trimmed during the optimization process.
WARNING:Xst:1895 - Due to other FF/Latch trimming, FF/Latch <Q_7> (without init value) has a constant value of 0 in block <REGISTRO>. This FF/Latch will be trimmed during the optimization process.
WARNING:Xst:2677 - Node <CONTB/Q_0> of sequential type is unconnected in block <PRINCIPAL>.
WARNING:Xst:2677 - Node <CONTB/Q_1> of sequential type is unconnected in block <PRINCIPAL>.
WARNING:Xst:2677 - Node <CONTB/Q_2> of sequential type is unconnected in block <PRINCIPAL>.
WARNING:Xst:2677 - Node <CONTB/Q_3> of sequential type is unconnected in block <PRINCIPAL>.
WARNING:Xst:2677 - Node <CTRL/EDO_ACT_FSM_FFd1> of sequential type is unconnected in block <PRINCIPAL>.

Optimizing unit <PRINCIPAL> ...

Mapping all equations...
Building and optimizing final netlist ...
Found area constraint ratio of 100 (+ 5) on block PRINCIPAL, actual ratio is 0.

Final Macro Processing ...

=========================================================================
Final Register Report

Found no macro
=========================================================================

=========================================================================
*                           Partition Report                            *
=========================================================================

Partition Implementation Status
-------------------------------

  No Partitions were found in this design.

-------------------------------

=========================================================================
*                            Design Summary                             *
=========================================================================

Top Level Output File Name         : PRINCIPAL.ngc

Primitive and Black Box Usage:
------------------------------
# BELS                             : 2
#      GND                         : 1
#      VCC                         : 1
# IO Buffers                       : 7
#      OBUF                        : 7

Device utilization summary:
---------------------------

Selected Device : 7a100tcsg324-2 


Slice Logic Utilization: 

Slice Logic Distribution: 
 Number of LUT Flip Flop pairs used:      0
   Number with an unused Flip Flop:       0  out of      0         
   Number with an unused LUT:             0  out of      0         
   Number of fully used LUT-FF pairs:     0  out of      0         
   Number of unique control sets:         0

IO Utilization: 
 Number of IOs:                          18
 Number of bonded IOBs:                   7  out of    210     3%  

Specific Feature Utilization:

---------------------------
Partition Resource Summary:
---------------------------

  No Partitions were found in this design.

---------------------------


=========================================================================
Timing Report

NOTE: THESE TIMING NUMBERS ARE ONLY A SYNTHESIS ESTIMATE.
      FOR ACCURATE TIMING INFORMATION PLEASE REFER TO THE TRACE REPORT
      GENERATED AFTER PLACE-and-ROUTE.

Clock Information:
------------------
No clock signals found in this design

Asynchronous Control Signals Information:
----------------------------------------
No asynchronous control signals found in this design

Timing Summary:
---------------
Speed Grade: -2

   Minimum period: No path found
   Minimum input arrival time before clock: No path found
   Maximum output required time after clock: No path found
   Maximum combinational path delay: No path found

Timing Details:
---------------
All values displayed in nanoseconds (ns)

=========================================================================

Cross Clock Domains Report:
--------------------------

=========================================================================


Total REAL time to Xst completion: 10.00 secs
Total CPU time to Xst completion: 10.09 secs
 
--> 


Total memory usage is 497756 kilobytes

Number of errors   :    0 (   0 filtered)
Number of warnings :   16 (   0 filtered)
Number of infos    :    2 (   0 filtered)

