Running: /opt/Xilinx/14.7/ISE_DS/ISE/bin/lin64/unwrapped/fuse -intstyle ise -incremental -lib secureip -o /home/erick/Documentos/Software/Xilinx/RAMD/TB_RAMD_isim_beh.exe -prj /home/erick/Documentos/Software/Xilinx/RAMD/TB_RAMD_beh.prj work.TB_RAMD 
ISim P.20131013 (signature 0xfbc00daa)
Number of CPUs detected in this system: 4
Turning on mult-threading, number of parallel sub-compilation jobs: 8 
Determining compilation order of HDL files
Parsing VHDL file "/home/erick/Documentos/Software/Xilinx/RAMD/RAMD.vhd" into library work
Parsing VHDL file "/home/erick/Documentos/Software/Xilinx/RAMD/TB_RAMD.vhd" into library work
Starting static elaboration
Completed static elaboration
Fuse Memory Usage: 87444 KB
Fuse CPU Usage: 1270 ms
Compiling package standard
Compiling package textio
Compiling package std_logic_1164
Compiling package std_logic_textio
Compiling package std_logic_arith
Compiling package std_logic_unsigned
Compiling architecture behavioral of entity RAMD [\RAMD(16,8)\]
Compiling architecture behavior of entity tb_ramd
Time Resolution for simulation is 1ps.
Waiting for 1 sub-compilation(s) to finish...
Compiled 9 VHDL Units
Built simulation executable /home/erick/Documentos/Software/Xilinx/RAMD/TB_RAMD_isim_beh.exe
Fuse Memory Usage: 663744 KB
Fuse CPU Usage: 1350 ms
GCC CPU Usage: 430 ms
