Release 14.7 - xst P.20131013 (lin64)
Copyright (c) 1995-2013 Xilinx, Inc.  All rights reserved.
--> 
Parameter TMPDIR set to xst/projnav.tmp


Total REAL time to Xst completion: 0.00 secs
Total CPU time to Xst completion: 0.07 secs
 
--> 
Parameter xsthdpdir set to xst


Total REAL time to Xst completion: 0.00 secs
Total CPU time to Xst completion: 0.08 secs
 
--> 
Reading design: Pila.prj

TABLE OF CONTENTS
  1) Synthesis Options Summary
  2) HDL Parsing
  3) HDL Elaboration
  4) HDL Synthesis
       4.1) HDL Synthesis Report
  5) Advanced HDL Synthesis
       5.1) Advanced HDL Synthesis Report
  6) Low Level Synthesis
  7) Partition Report
  8) Design Summary
       8.1) Primitive and Black Box Usage
       8.2) Device utilization summary
       8.3) Partition Resource Summary
       8.4) Timing Report
            8.4.1) Clock Information
            8.4.2) Asynchronous Control Signals Information
            8.4.3) Timing Summary
            8.4.4) Timing Details
            8.4.5) Cross Clock Domains Report


=========================================================================
*                      Synthesis Options Summary                        *
=========================================================================
---- Source Parameters
Input File Name                    : "Pila.prj"
Ignore Synthesis Constraint File   : NO

---- Target Parameters
Output File Name                   : "Pila"
Output Format                      : NGC
Target Device                      : xc7a100t-2-csg324

---- Source Options
Top Module Name                    : Pila
Automatic FSM Extraction           : YES
FSM Encoding Algorithm             : Auto
Safe Implementation                : No
FSM Style                          : LUT
RAM Extraction                     : Yes
RAM Style                          : Auto
ROM Extraction                     : Yes
Shift Register Extraction          : YES
ROM Style                          : Auto
Resource Sharing                   : YES
Asynchronous To Synchronous        : NO
Shift Register Minimum Size        : 2
Use DSP Block                      : Auto
Automatic Register Balancing       : No

---- Target Options
LUT Combining                      : Auto
Reduce Control Sets                : Auto
Add IO Buffers                     : YES
Global Maximum Fanout              : 100000
Add Generic Clock Buffer(BUFG)     : 32
Register Duplication               : YES
Optimize Instantiated Primitives   : NO
Use Clock Enable                   : Auto
Use Synchronous Set                : Auto
Use Synchronous Reset              : Auto
Pack IO Registers into IOBs        : Auto
Equivalent register Removal        : YES

---- General Options
Optimization Goal                  : Speed
Optimization Effort                : 1
Power Reduction                    : NO
Keep Hierarchy                     : No
Netlist Hierarchy                  : As_Optimized
RTL Output                         : Yes
Global Optimization                : AllClockNets
Read Cores                         : YES
Write Timing Constraints           : NO
Cross Clock Analysis               : NO
Hierarchy Separator                : /
Bus Delimiter                      : <>
Case Specifier                     : Maintain
Slice Utilization Ratio            : 100
BRAM Utilization Ratio             : 100
DSP48 Utilization Ratio            : 100
Auto BRAM Packing                  : NO
Slice Utilization Ratio Delta      : 5

=========================================================================


=========================================================================
*                          HDL Parsing                                  *
=========================================================================
Parsing VHDL file "/home/erick/Documentos/GitHub/Computer-architecture/ESCOMIPS/Pila/Pila.vhd" into library work
Parsing entity <Pila>.
Parsing architecture <APila> of entity <pila>.

=========================================================================
*                            HDL Elaboration                            *
=========================================================================

Elaborating entity <Pila> (architecture <APila>) with generics from library <work>.

=========================================================================
*                           HDL Synthesis                               *
=========================================================================

Synthesizing Unit <Pila>.
    Related source file is "/home/erick/Documentos/GitHub/Computer-architecture/ESCOMIPS/Pila/Pila.vhd".
        BITS = 16
        ADDR = 4
    Found 16x16-bit dual-port RAM <Mram_PILA_MEM> for signal <PILA_MEM>.
    Found 16-bit register for signal <Q>.
    Found 4-bit register for signal <APUN_PILA>.
    Found 4-bit adder for signal <APUN_PILA[3]_GND_5_o_add_0_OUT> created at line 35.
    Found 16-bit adder for signal <Q[15]_GND_5_o_add_6_OUT> created at line 55.
    Found 4-bit subtractor for signal <GND_5_o_GND_5_o_sub_2_OUT<3:0>> created at line 37.
    Summary:
	inferred   1 RAM(s).
	inferred   3 Adder/Subtractor(s).
	inferred  20 D-type flip-flop(s).
	inferred   2 Multiplexer(s).
Unit <Pila> synthesized.

=========================================================================
HDL Synthesis Report

Macro Statistics
# RAMs                                                 : 1
 16x16-bit dual-port RAM                               : 1
# Adders/Subtractors                                   : 3
 16-bit adder                                          : 1
 4-bit addsub                                          : 1
 4-bit subtractor                                      : 1
# Registers                                            : 2
 16-bit register                                       : 1
 4-bit register                                        : 1
# Multiplexers                                         : 2
 16-bit 2-to-1 multiplexer                             : 2

=========================================================================
INFO:Xst:1767 - HDL ADVISOR - Resource sharing has identified that some arithmetic operations in this design can share the same physical resources for reduced device utilization. For improved clock frequency you may try to disable resource sharing.

=========================================================================
*                       Advanced HDL Synthesis                          *
=========================================================================


Synthesizing (advanced) Unit <Pila>.
The following registers are absorbed into counter <APUN_PILA>: 1 register on signal <APUN_PILA>.
INFO:Xst:3218 - HDL ADVISOR - The RAM <Mram_PILA_MEM> will be implemented on LUTs either because you have described an asynchronous read or because of currently unsupported block RAM features. If you have described an asynchronous read, making it synchronous would allow you to take advantage of available block RAM resources, for optimized device usage and improved timings. Please refer to your documentation for coding guidelines.
    -----------------------------------------------------------------------
    | ram_type           | Distributed                         |          |
    -----------------------------------------------------------------------
    | Port A                                                              |
    |     aspect ratio   | 16-word x 16-bit                    |          |
    |     clkA           | connected to signal <CLK>           | rise     |
    |     weA            | connected to signal <UP>            | high     |
    |     addrA          | connected to signal <APUN_PILA>     |          |
    |     diA            | connected to signal <Q[15]_GND_5_o_add_6_OUT> |          |
    -----------------------------------------------------------------------
    | Port B                                                              |
    |     aspect ratio   | 16-word x 16-bit                    |          |
    |     addrB          | connected to signal <GND_5_o_GND_5_o_sub_2_OUT> |          |
    |     doB            | connected to internal node          |          |
    -----------------------------------------------------------------------
Unit <Pila> synthesized (advanced).

=========================================================================
Advanced HDL Synthesis Report

Macro Statistics
# RAMs                                                 : 1
 16x16-bit dual-port distributed RAM                   : 1
# Adders/Subtractors                                   : 2
 16-bit adder                                          : 1
 4-bit subtractor                                      : 1
# Counters                                             : 1
 4-bit updown counter                                  : 1
# Registers                                            : 16
 Flip-Flops                                            : 16
# Multiplexers                                         : 2
 16-bit 2-to-1 multiplexer                             : 2

=========================================================================

=========================================================================
*                         Low Level Synthesis                           *
=========================================================================

Optimizing unit <Pila> ...

Mapping all equations...
Building and optimizing final netlist ...
Found area constraint ratio of 100 (+ 5) on block Pila, actual ratio is 0.

Final Macro Processing ...

=========================================================================
Final Register Report

Macro Statistics
# Registers                                            : 20
 Flip-Flops                                            : 20

=========================================================================

=========================================================================
*                           Partition Report                            *
=========================================================================

Partition Implementation Status
-------------------------------

  No Partitions were found in this design.

-------------------------------

=========================================================================
*                            Design Summary                             *
=========================================================================

Top Level Output File Name         : Pila.ngc

Primitive and Black Box Usage:
------------------------------
# BELS                             : 73
#      GND                         : 1
#      INV                         : 2
#      LUT1                        : 15
#      LUT2                        : 2
#      LUT3                        : 2
#      LUT4                        : 2
#      LUT5                        : 17
#      MUXCY                       : 15
#      VCC                         : 1
#      XORCY                       : 16
# FlipFlops/Latches                : 20
#      FDC                         : 16
#      FDCE                        : 4
# RAMS                             : 6
#      RAM32M                      : 2
#      RAM32X1D                    : 4
# Clock Buffers                    : 1
#      BUFGP                       : 1
# IO Buffers                       : 40
#      IBUF                        : 20
#      OBUF                        : 20

Device utilization summary:
---------------------------

Selected Device : 7a100tcsg324-2 


Slice Logic Utilization: 
 Number of Slice Registers:              20  out of  126800     0%  
 Number of Slice LUTs:                   56  out of  63400     0%  
    Number used as Logic:                40  out of  63400     0%  
    Number used as Memory:               16  out of  19000     0%  
       Number used as RAM:               16

Slice Logic Distribution: 
 Number of LUT Flip Flop pairs used:     56
   Number with an unused Flip Flop:      36  out of     56    64%  
   Number with an unused LUT:             0  out of     56     0%  
   Number of fully used LUT-FF pairs:    20  out of     56    35%  
   Number of unique control sets:         2

IO Utilization: 
 Number of IOs:                          41
 Number of bonded IOBs:                  41  out of    210    19%  

Specific Feature Utilization:
 Number of BUFG/BUFGCTRLs:                1  out of     32     3%  

---------------------------
Partition Resource Summary:
---------------------------

  No Partitions were found in this design.

---------------------------


=========================================================================
Timing Report

NOTE: THESE TIMING NUMBERS ARE ONLY A SYNTHESIS ESTIMATE.
      FOR ACCURATE TIMING INFORMATION PLEASE REFER TO THE TRACE REPORT
      GENERATED AFTER PLACE-and-ROUTE.

Clock Information:
------------------
-----------------------------------+------------------------+-------+
Clock Signal                       | Clock buffer(FF name)  | Load  |
-----------------------------------+------------------------+-------+
CLK                                | BUFGP                  | 26    |
-----------------------------------+------------------------+-------+

Asynchronous Control Signals Information:
----------------------------------------
No asynchronous control signals found in this design

Timing Summary:
---------------
Speed Grade: -2

   Minimum period: 2.507ns (Maximum Frequency: 398.963MHz)
   Minimum input arrival time before clock: 1.073ns
   Maximum output required time after clock: 0.809ns
   Maximum combinational path delay: No path found

Timing Details:
---------------
All values displayed in nanoseconds (ns)

=========================================================================
Timing constraint: Default period analysis for Clock 'CLK'
  Clock period: 2.507ns (frequency: 398.963MHz)
  Total number of paths / destination ports: 522 / 76
-------------------------------------------------------------------------
Delay:               2.507ns (Levels of Logic = 18)
  Source:            Q_0 (FF)
  Destination:       Q_15 (FF)
  Source Clock:      CLK rising
  Destination Clock: CLK rising

  Data Path: Q_0 to Q_15
                                Gate     Net
    Cell:in->out      fanout   Delay   Delay  Logical Name (Net Name)
    ----------------------------------------  ------------
     FDC:C->Q              2   0.398   0.344  Q_0 (Q_0)
     INV:I->O              1   0.123   0.000  Madd_Q[15]_GND_5_o_add_6_OUT_lut<0>_INV_0 (Madd_Q[15]_GND_5_o_add_6_OUT_lut<0>)
     MUXCY:S->O            1   0.392   0.000  Madd_Q[15]_GND_5_o_add_6_OUT_cy<0> (Madd_Q[15]_GND_5_o_add_6_OUT_cy<0>)
     MUXCY:CI->O           1   0.025   0.000  Madd_Q[15]_GND_5_o_add_6_OUT_cy<1> (Madd_Q[15]_GND_5_o_add_6_OUT_cy<1>)
     MUXCY:CI->O           1   0.025   0.000  Madd_Q[15]_GND_5_o_add_6_OUT_cy<2> (Madd_Q[15]_GND_5_o_add_6_OUT_cy<2>)
     MUXCY:CI->O           1   0.025   0.000  Madd_Q[15]_GND_5_o_add_6_OUT_cy<3> (Madd_Q[15]_GND_5_o_add_6_OUT_cy<3>)
     MUXCY:CI->O           1   0.025   0.000  Madd_Q[15]_GND_5_o_add_6_OUT_cy<4> (Madd_Q[15]_GND_5_o_add_6_OUT_cy<4>)
     MUXCY:CI->O           1   0.025   0.000  Madd_Q[15]_GND_5_o_add_6_OUT_cy<5> (Madd_Q[15]_GND_5_o_add_6_OUT_cy<5>)
     MUXCY:CI->O           1   0.025   0.000  Madd_Q[15]_GND_5_o_add_6_OUT_cy<6> (Madd_Q[15]_GND_5_o_add_6_OUT_cy<6>)
     MUXCY:CI->O           1   0.025   0.000  Madd_Q[15]_GND_5_o_add_6_OUT_cy<7> (Madd_Q[15]_GND_5_o_add_6_OUT_cy<7>)
     MUXCY:CI->O           1   0.025   0.000  Madd_Q[15]_GND_5_o_add_6_OUT_cy<8> (Madd_Q[15]_GND_5_o_add_6_OUT_cy<8>)
     MUXCY:CI->O           1   0.025   0.000  Madd_Q[15]_GND_5_o_add_6_OUT_cy<9> (Madd_Q[15]_GND_5_o_add_6_OUT_cy<9>)
     MUXCY:CI->O           1   0.025   0.000  Madd_Q[15]_GND_5_o_add_6_OUT_cy<10> (Madd_Q[15]_GND_5_o_add_6_OUT_cy<10>)
     MUXCY:CI->O           1   0.025   0.000  Madd_Q[15]_GND_5_o_add_6_OUT_cy<11> (Madd_Q[15]_GND_5_o_add_6_OUT_cy<11>)
     MUXCY:CI->O           1   0.025   0.000  Madd_Q[15]_GND_5_o_add_6_OUT_cy<12> (Madd_Q[15]_GND_5_o_add_6_OUT_cy<12>)
     MUXCY:CI->O           1   0.025   0.000  Madd_Q[15]_GND_5_o_add_6_OUT_cy<13> (Madd_Q[15]_GND_5_o_add_6_OUT_cy<13>)
     MUXCY:CI->O           0   0.025   0.000  Madd_Q[15]_GND_5_o_add_6_OUT_cy<14> (Madd_Q[15]_GND_5_o_add_6_OUT_cy<14>)
     XORCY:CI->O           2   0.417   0.362  Madd_Q[15]_GND_5_o_add_6_OUT_xor<15> (Q[15]_GND_5_o_add_6_OUT<15>)
     LUT5:I4->O            1   0.105   0.000  Mmux_Q[15]_D[15]_mux_7_OUT71 (Q[15]_D[15]_mux_7_OUT<15>)
     FDC:D                     0.015          Q_15
    ----------------------------------------
    Total                      2.507ns (1.800ns logic, 0.707ns route)
                                       (71.8% logic, 28.2% route)

=========================================================================
Timing constraint: Default OFFSET IN BEFORE for Clock 'CLK'
  Total number of paths / destination ports: 85 / 49
-------------------------------------------------------------------------
Offset:              1.073ns (Levels of Logic = 2)
  Source:            UP (PAD)
  Destination:       APUN_PILA_0 (FF)
  Destination Clock: CLK rising

  Data Path: UP to APUN_PILA_0
                                Gate     Net
    Cell:in->out      fanout   Delay   Delay  Logical Name (Net Name)
    ----------------------------------------  ------------
     IBUF:I->O            10   0.001   0.501  UP_IBUF (UP_IBUF)
     LUT2:I0->O            4   0.105   0.356  _n0034_inv1 (_n0034_inv)
     FDCE:CE                   0.110          APUN_PILA_0
    ----------------------------------------
    Total                      1.073ns (0.216ns logic, 0.857ns route)
                                       (20.1% logic, 79.9% route)

=========================================================================
Timing constraint: Default OFFSET OUT AFTER for Clock 'CLK'
  Total number of paths / destination ports: 20 / 20
-------------------------------------------------------------------------
Offset:              0.809ns (Levels of Logic = 1)
  Source:            APUN_PILA_0 (FF)
  Destination:       APUN_PILA<0> (PAD)
  Source Clock:      CLK rising

  Data Path: APUN_PILA_0 to APUN_PILA<0>
                                Gate     Net
    Cell:in->out      fanout   Delay   Delay  Logical Name (Net Name)
    ----------------------------------------  ------------
     FDCE:C->Q            14   0.398   0.411  APUN_PILA_0 (APUN_PILA_0)
     OBUF:I->O                 0.000          APUN_PILA_0_OBUF (APUN_PILA<0>)
    ----------------------------------------
    Total                      0.809ns (0.398ns logic, 0.411ns route)
                                       (49.2% logic, 50.8% route)

=========================================================================

Cross Clock Domains Report:
--------------------------

Clock to Setup on destination clock CLK
---------------+---------+---------+---------+---------+
               | Src:Rise| Src:Fall| Src:Rise| Src:Fall|
Source Clock   |Dest:Rise|Dest:Rise|Dest:Fall|Dest:Fall|
---------------+---------+---------+---------+---------+
CLK            |    2.507|         |         |         |
---------------+---------+---------+---------+---------+

=========================================================================


Total REAL time to Xst completion: 9.00 secs
Total CPU time to Xst completion: 8.41 secs
 
--> 


Total memory usage is 497384 kilobytes

Number of errors   :    0 (   0 filtered)
Number of warnings :    0 (   0 filtered)
Number of infos    :    2 (   0 filtered)

